<?xml version="1.0" encoding="UTF-8"?>
<!-- Generated by org.testng.reporters.JUnitXMLReporter -->
<testsuite ignored="3" hostname="SarthakSyduAIO" failures="1" tests="10" name="CompleteTest" time="48.182" errors="0" timestamp="2025-04-25T01:22:50 EDT">
  <testcase classname="com.tutorialsNinja.TestCases.LoginTest" name="verifyLoginWithValidEmailInvalidPassword" time="0.796"/>
  <testcase classname="com.tutorialsNinja.TestCases.LoginTest" name="verifyLoginWithInvalidEmailValidPassword" time="0.767"/>
  <testcase classname="com.tutorialsNinja.TestCases.LoginTest" name="verifyLoginWithInvalidCredentials" time="0.659"/>
  <testcase classname="com.tutorialsNinja.TestCases.LoginTest" name="verifyLoginWithNoCredentials" time="0.719"/>
  <testcase classname="com.tutorialsNinja.TestCases.RegisterTest" name="verifyRegisterWithExistingEmail" time="0.879"/>
  <testcase classname="com.tutorialsNinja.TestCases.RegisterTest" name="verifyRegisterWithIncorrectConfirmPassword" time="0.887"/>
  <testcase classname="com.tutorialsNinja.TestCases.RegisterTest" name="verifyRegisterWithNoDetails" time="0.681"/>
  <testcase classname="com.tutorialsNinja.TestCases.SearchTest" name="searchWithValidProduct" time="3.783"/>
  <testcase classname="com.tutorialsNinja.TestCases.SearchTest" name="searchWithInvalidProduct" time="0.519">
    <failure type="java.lang.AssertionError" message="The following asserts failed:
	expected [false] but found [true]">
      <![CDATA[java.lang.AssertionError: The following asserts failed:
expected [false] but found [true]
at com.tutorialsNinja.TestCases.SearchTest.searchWithInvalidProduct(SearchTest.java:42)
at java.base/java.util.ArrayList.forEach(ArrayList.java:1511)
... Removed 29 stack frames]]>
    </failure>
  </testcase> <!-- searchWithInvalidProduct -->
  <testcase classname="com.tutorialsNinja.TestCases.SearchTest" name="searchWithNoProduct" time="0.0">
    <skipped/>
  </testcase> <!-- searchWithNoProduct -->
  <testcase classname="com.tutorialsNinja.TestCases.RegisterTest" name="verifyRegisterWithMandatoryDetails" time="0.0">
    <ignored/>
  </testcase> <!-- verifyRegisterWithMandatoryDetails -->
  <testcase classname="com.tutorialsNinja.TestCases.LoginTest" name="verifyLoginWithValidCredentials" time="0.0">
    <ignored/>
  </testcase> <!-- verifyLoginWithValidCredentials -->
  <testcase classname="com.tutorialsNinja.TestCases.RegisterTest" name="verifyRegisterWithAllDetails" time="0.0">
    <ignored/>
  </testcase> <!-- verifyRegisterWithAllDetails -->
</testsuite> <!-- CompleteTest -->
